2025-09-06 09:20:56,942 - INFO - Creating vendor summary table...
2025-09-06 09:21:17,802 - INFO - Sample Summary:
   VendorNumber                   VendorName  Brand              Description  PurchasePrice  actual_price volume  totalPurchaseQuantity  totalPurchaseDollars  totalsalesquantity  totalsalesdollars  totalsalesprice  totalexciseTax  Freight_cost
0          1128  BROWN-FORMAN CORP             1233  Jack Daniels No 7 Black          26.27         36.99   1750                 145080            3811251.60            142049.0         5101919.51        672819.31       260999.20      68601.68
1          4425        MARTIGNETTI COMPANIES   3405    Tito's Handmade Vodka          23.19         28.99   1750                 164038            3804041.22            160247.0         4819073.49        561512.37       294438.66     144929.24
2         17035  PERNOD RICARD USA             8068         Absolut 80 Proof          18.24         24.99   1750                 187407            3418303.68            187140.0         4538120.60        461140.15       343854.07     123780.22
3          3960  DIAGEO NORTH AMERICA INC      4261   Capt Morgan Spiced Rum          16.17         22.99   1750                 201682            3261197.94            200412.0         4475972.88        420050.01       368242.80     257032.07
4          3960  DIAGEO NORTH AMERICA INC      3545          Ketel One Vodka          21.89         29.99   1750                 138109            3023206.01            135838.0         4223107.62        545778.28       249587.83     257032.07
2025-09-06 09:21:17,802 - INFO - Cleaning data...
2025-09-06 09:21:17,810 - INFO - Cleaned Data:
   VendorNumber                VendorName  Brand              Description  PurchasePrice  actual_price  volume  totalPurchaseQuantity  totalPurchaseDollars  totalsalesquantity  totalsalesdollars  totalsalesprice  totalexciseTax  Freight_cost  GrossProfit  ProfitMargin  StockTurnover  SalesToPurchaseRatio
0          1128         BROWN-FORMAN CORP   1233  Jack Daniels No 7 Black          26.27         36.99  1750.0                 145080            3811251.60            142049.0         5101919.51        672819.31       260999.20      68601.68   1290667.91     25.297693        -3031.0              1.338647
1          4425     MARTIGNETTI COMPANIES   3405    Tito's Handmade Vodka          23.19         28.99  1750.0                 164038            3804041.22            160247.0         4819073.49        561512.37       294438.66     144929.24   1015032.27     21.062810        -3791.0              1.266830
2         17035         PERNOD RICARD USA   8068         Absolut 80 Proof          18.24         24.99  1750.0                 187407            3418303.68            187140.0         4538120.60        461140.15       343854.07     123780.22   1119816.92     24.675786         -267.0              1.327594
3          3960  DIAGEO NORTH AMERICA INC   4261   Capt Morgan Spiced Rum          16.17         22.99  1750.0                 201682            3261197.94            200412.0         4475972.88        420050.01       368242.80     257032.07   1214774.94     27.139908        -1270.0              1.372493
4          3960  DIAGEO NORTH AMERICA INC   3545          Ketel One Vodka          21.89         29.99  1750.0                 138109            3023206.01            135838.0         4223107.62        545778.28       249587.83     257032.07   1199901.61     28.412764        -2271.0              1.396897
2025-09-06 09:21:17,810 - INFO - Ingesting data into vendor_sales_summary...
2025-09-06 09:21:17,811 - ERROR - Error inserting into vendor_sales_summary: table "vendor_sales_summary" already exists
2025-09-06 09:33:56,637 - INFO - Creating vendor summary table...
2025-09-06 09:34:13,069 - INFO - Sample Summary:
   VendorNumber                   VendorName  Brand              Description  PurchasePrice  actual_price volume  totalPurchaseQuantity  totalPurchaseDollars  totalsalesquantity  totalsalesdollars  totalsalesprice  totalexciseTax  Freight_cost
0          1128  BROWN-FORMAN CORP             1233  Jack Daniels No 7 Black          26.27         36.99   1750                 145080            3811251.60            142049.0         5101919.51        672819.31       260999.20      68601.68
1          4425        MARTIGNETTI COMPANIES   3405    Tito's Handmade Vodka          23.19         28.99   1750                 164038            3804041.22            160247.0         4819073.49        561512.37       294438.66     144929.24
2         17035  PERNOD RICARD USA             8068         Absolut 80 Proof          18.24         24.99   1750                 187407            3418303.68            187140.0         4538120.60        461140.15       343854.07     123780.22
3          3960  DIAGEO NORTH AMERICA INC      4261   Capt Morgan Spiced Rum          16.17         22.99   1750                 201682            3261197.94            200412.0         4475972.88        420050.01       368242.80     257032.07
4          3960  DIAGEO NORTH AMERICA INC      3545          Ketel One Vodka          21.89         29.99   1750                 138109            3023206.01            135838.0         4223107.62        545778.28       249587.83     257032.07
2025-09-06 09:34:13,069 - INFO - Cleaning data...
2025-09-06 09:34:13,074 - INFO - Cleaned Data:
   VendorNumber                VendorName  Brand              Description  PurchasePrice  actual_price  volume  totalPurchaseQuantity  totalPurchaseDollars  totalsalesquantity  totalsalesdollars  totalsalesprice  totalexciseTax  Freight_cost  GrossProfit  ProfitMargin  StockTurnover  SalesToPurchaseRatio
0          1128         BROWN-FORMAN CORP   1233  Jack Daniels No 7 Black          26.27         36.99  1750.0                 145080            3811251.60            142049.0         5101919.51        672819.31       260999.20      68601.68   1290667.91     25.297693        -3031.0              1.338647
1          4425     MARTIGNETTI COMPANIES   3405    Tito's Handmade Vodka          23.19         28.99  1750.0                 164038            3804041.22            160247.0         4819073.49        561512.37       294438.66     144929.24   1015032.27     21.062810        -3791.0              1.266830
2         17035         PERNOD RICARD USA   8068         Absolut 80 Proof          18.24         24.99  1750.0                 187407            3418303.68            187140.0         4538120.60        461140.15       343854.07     123780.22   1119816.92     24.675786         -267.0              1.327594
3          3960  DIAGEO NORTH AMERICA INC   4261   Capt Morgan Spiced Rum          16.17         22.99  1750.0                 201682            3261197.94            200412.0         4475972.88        420050.01       368242.80     257032.07   1214774.94     27.139908        -1270.0              1.372493
4          3960  DIAGEO NORTH AMERICA INC   3545          Ketel One Vodka          21.89         29.99  1750.0                 138109            3023206.01            135838.0         4223107.62        545778.28       249587.83     257032.07   1199901.61     28.412764        -2271.0              1.396897
2025-09-06 09:34:13,074 - INFO - Ingesting data into vendor_sales_summary...
2025-09-06 09:34:13,075 - ERROR - Error inserting into vendor_sales_summary: table "vendor_sales_summary" already exists
2025-09-06 09:34:32,062 - INFO - Creating vendor summary table...
2025-09-06 09:34:48,993 - INFO - Sample Summary:
   VendorNumber                   VendorName  Brand              Description  PurchasePrice  actual_price volume  totalPurchaseQuantity  totalPurchaseDollars  totalsalesquantity  totalsalesdollars  totalsalesprice  totalexciseTax  Freight_cost
0          1128  BROWN-FORMAN CORP             1233  Jack Daniels No 7 Black          26.27         36.99   1750                 145080            3811251.60            142049.0         5101919.51        672819.31       260999.20      68601.68
1          4425        MARTIGNETTI COMPANIES   3405    Tito's Handmade Vodka          23.19         28.99   1750                 164038            3804041.22            160247.0         4819073.49        561512.37       294438.66     144929.24
2         17035  PERNOD RICARD USA             8068         Absolut 80 Proof          18.24         24.99   1750                 187407            3418303.68            187140.0         4538120.60        461140.15       343854.07     123780.22
3          3960  DIAGEO NORTH AMERICA INC      4261   Capt Morgan Spiced Rum          16.17         22.99   1750                 201682            3261197.94            200412.0         4475972.88        420050.01       368242.80     257032.07
4          3960  DIAGEO NORTH AMERICA INC      3545          Ketel One Vodka          21.89         29.99   1750                 138109            3023206.01            135838.0         4223107.62        545778.28       249587.83     257032.07
2025-09-06 09:34:48,994 - INFO - Cleaning data...
2025-09-06 09:34:48,999 - INFO - Cleaned Data:
   VendorNumber                VendorName  Brand              Description  PurchasePrice  actual_price  volume  totalPurchaseQuantity  totalPurchaseDollars  totalsalesquantity  totalsalesdollars  totalsalesprice  totalexciseTax  Freight_cost  GrossProfit  ProfitMargin  StockTurnover  SalesToPurchaseRatio
0          1128         BROWN-FORMAN CORP   1233  Jack Daniels No 7 Black          26.27         36.99  1750.0                 145080            3811251.60            142049.0         5101919.51        672819.31       260999.20      68601.68   1290667.91     25.297693        -3031.0              1.338647
1          4425     MARTIGNETTI COMPANIES   3405    Tito's Handmade Vodka          23.19         28.99  1750.0                 164038            3804041.22            160247.0         4819073.49        561512.37       294438.66     144929.24   1015032.27     21.062810        -3791.0              1.266830
2         17035         PERNOD RICARD USA   8068         Absolut 80 Proof          18.24         24.99  1750.0                 187407            3418303.68            187140.0         4538120.60        461140.15       343854.07     123780.22   1119816.92     24.675786         -267.0              1.327594
3          3960  DIAGEO NORTH AMERICA INC   4261   Capt Morgan Spiced Rum          16.17         22.99  1750.0                 201682            3261197.94            200412.0         4475972.88        420050.01       368242.80     257032.07   1214774.94     27.139908        -1270.0              1.372493
4          3960  DIAGEO NORTH AMERICA INC   3545          Ketel One Vodka          21.89         29.99  1750.0                 138109            3023206.01            135838.0         4223107.62        545778.28       249587.83     257032.07   1199901.61     28.412764        -2271.0              1.396897
2025-09-06 09:34:48,999 - INFO - Ingesting data into vendor_sales_summary...
2025-09-06 09:34:49,028 - INFO - Data inserted into vendor_sales_summary with mode=replace
2025-09-06 09:34:49,029 - INFO - Process Complete ✅
2025-09-06 09:35:03,457 - INFO - Creating vendor summary table...
2025-09-06 09:35:18,777 - INFO - Sample Summary:
   VendorNumber                   VendorName  Brand              Description  PurchasePrice  actual_price volume  totalPurchaseQuantity  totalPurchaseDollars  totalsalesquantity  totalsalesdollars  totalsalesprice  totalexciseTax  Freight_cost
0          1128  BROWN-FORMAN CORP             1233  Jack Daniels No 7 Black          26.27         36.99   1750                 145080            3811251.60            142049.0         5101919.51        672819.31       260999.20      68601.68
1          4425        MARTIGNETTI COMPANIES   3405    Tito's Handmade Vodka          23.19         28.99   1750                 164038            3804041.22            160247.0         4819073.49        561512.37       294438.66     144929.24
2         17035  PERNOD RICARD USA             8068         Absolut 80 Proof          18.24         24.99   1750                 187407            3418303.68            187140.0         4538120.60        461140.15       343854.07     123780.22
3          3960  DIAGEO NORTH AMERICA INC      4261   Capt Morgan Spiced Rum          16.17         22.99   1750                 201682            3261197.94            200412.0         4475972.88        420050.01       368242.80     257032.07
4          3960  DIAGEO NORTH AMERICA INC      3545          Ketel One Vodka          21.89         29.99   1750                 138109            3023206.01            135838.0         4223107.62        545778.28       249587.83     257032.07
2025-09-06 09:35:18,778 - INFO - Cleaning data...
2025-09-06 09:35:18,784 - INFO - Cleaned Data:
   VendorNumber                VendorName  Brand              Description  PurchasePrice  actual_price  volume  totalPurchaseQuantity  totalPurchaseDollars  totalsalesquantity  totalsalesdollars  totalsalesprice  totalexciseTax  Freight_cost  GrossProfit  ProfitMargin  StockTurnover  SalesToPurchaseRatio
0          1128         BROWN-FORMAN CORP   1233  Jack Daniels No 7 Black          26.27         36.99  1750.0                 145080            3811251.60            142049.0         5101919.51        672819.31       260999.20      68601.68   1290667.91     25.297693        -3031.0              1.338647
1          4425     MARTIGNETTI COMPANIES   3405    Tito's Handmade Vodka          23.19         28.99  1750.0                 164038            3804041.22            160247.0         4819073.49        561512.37       294438.66     144929.24   1015032.27     21.062810        -3791.0              1.266830
2         17035         PERNOD RICARD USA   8068         Absolut 80 Proof          18.24         24.99  1750.0                 187407            3418303.68            187140.0         4538120.60        461140.15       343854.07     123780.22   1119816.92     24.675786         -267.0              1.327594
3          3960  DIAGEO NORTH AMERICA INC   4261   Capt Morgan Spiced Rum          16.17         22.99  1750.0                 201682            3261197.94            200412.0         4475972.88        420050.01       368242.80     257032.07   1214774.94     27.139908        -1270.0              1.372493
4          3960  DIAGEO NORTH AMERICA INC   3545          Ketel One Vodka          21.89         29.99  1750.0                 138109            3023206.01            135838.0         4223107.62        545778.28       249587.83     257032.07   1199901.61     28.412764        -2271.0              1.396897
2025-09-06 09:35:18,784 - INFO - Ingesting data into vendor_sales_summary...
2025-09-06 09:35:18,809 - INFO - Data inserted into vendor_sales_summary with mode=replace
2025-09-06 09:35:18,809 - INFO - Process Complete ✅
2025-09-06 09:36:23,336 - ERROR - No such comm target registered: jupyter.widget.control
2025-09-06 09:36:23,337 - WARNING - No such comm: 8e5e6734-3417-414b-a54d-91193fbc021a
2025-09-06 09:36:23,337 - DEBUG - Current comms: []
2025-09-08 21:24:47,937 - INFO - Creating vendor summary table...
2025-09-08 21:25:06,450 - INFO - Sample Summary:
   VendorNumber                   VendorName  Brand              Description  PurchasePrice  actual_price volume  totalPurchaseQuantity  totalPurchaseDollars  totalsalesquantity  totalsalesdollars  totalsalesprice  totalexciseTax  Freight_cost
0          1128  BROWN-FORMAN CORP             1233  Jack Daniels No 7 Black          26.27         36.99   1750                 145080            3811251.60            142049.0         5101919.51        672819.31       260999.20      68601.68
1          4425        MARTIGNETTI COMPANIES   3405    Tito's Handmade Vodka          23.19         28.99   1750                 164038            3804041.22            160247.0         4819073.49        561512.37       294438.66     144929.24
2         17035  PERNOD RICARD USA             8068         Absolut 80 Proof          18.24         24.99   1750                 187407            3418303.68            187140.0         4538120.60        461140.15       343854.07     123780.22
3          3960  DIAGEO NORTH AMERICA INC      4261   Capt Morgan Spiced Rum          16.17         22.99   1750                 201682            3261197.94            200412.0         4475972.88        420050.01       368242.80     257032.07
4          3960  DIAGEO NORTH AMERICA INC      3545          Ketel One Vodka          21.89         29.99   1750                 138109            3023206.01            135838.0         4223107.62        545778.28       249587.83     257032.07
2025-09-08 21:25:06,451 - INFO - Cleaning data...
2025-09-08 21:25:06,456 - INFO - Cleaned Data:
   VendorNumber                VendorName  Brand              Description  PurchasePrice  actual_price  volume  totalPurchaseQuantity  totalPurchaseDollars  totalsalesquantity  totalsalesdollars  totalsalesprice  totalexciseTax  Freight_cost  GrossProfit  ProfitMargin  StockTurnover  SalesToPurchaseRatio
0          1128         BROWN-FORMAN CORP   1233  Jack Daniels No 7 Black          26.27         36.99  1750.0                 145080            3811251.60            142049.0         5101919.51        672819.31       260999.20      68601.68   1290667.91     25.297693       0.979108              1.338647
1          4425     MARTIGNETTI COMPANIES   3405    Tito's Handmade Vodka          23.19         28.99  1750.0                 164038            3804041.22            160247.0         4819073.49        561512.37       294438.66     144929.24   1015032.27     21.062810       0.976890              1.266830
2         17035         PERNOD RICARD USA   8068         Absolut 80 Proof          18.24         24.99  1750.0                 187407            3418303.68            187140.0         4538120.60        461140.15       343854.07     123780.22   1119816.92     24.675786       0.998575              1.327594
3          3960  DIAGEO NORTH AMERICA INC   4261   Capt Morgan Spiced Rum          16.17         22.99  1750.0                 201682            3261197.94            200412.0         4475972.88        420050.01       368242.80     257032.07   1214774.94     27.139908       0.993703              1.372493
4          3960  DIAGEO NORTH AMERICA INC   3545          Ketel One Vodka          21.89         29.99  1750.0                 138109            3023206.01            135838.0         4223107.62        545778.28       249587.83     257032.07   1199901.61     28.412764       0.983556              1.396897
2025-09-08 21:25:06,457 - INFO - Ingesting data into vendor_sales_summary...
2025-09-08 21:25:06,486 - INFO - Data inserted into vendor_sales_summary with mode=replace
2025-09-08 21:25:06,486 - INFO - Process Complete ✅
2025-09-08 21:38:20,116 - INFO - Creating vendor summary table...
2025-09-08 21:38:41,012 - INFO - Sample Summary:
   VendorNumber                   VendorName  Brand              Description  PurchasePrice  actual_price volume  totalPurchaseQuantity  totalPurchaseDollars  totalsalesquantity  totalsalesdollars  totalsalesprice  totalexciseTax  Freight_cost
0          1128  BROWN-FORMAN CORP             1233  Jack Daniels No 7 Black          26.27         36.99   1750                 145080            3811251.60            142049.0         5101919.51        672819.31       260999.20      68601.68
1          4425        MARTIGNETTI COMPANIES   3405    Tito's Handmade Vodka          23.19         28.99   1750                 164038            3804041.22            160247.0         4819073.49        561512.37       294438.66     144929.24
2         17035  PERNOD RICARD USA             8068         Absolut 80 Proof          18.24         24.99   1750                 187407            3418303.68            187140.0         4538120.60        461140.15       343854.07     123780.22
3          3960  DIAGEO NORTH AMERICA INC      4261   Capt Morgan Spiced Rum          16.17         22.99   1750                 201682            3261197.94            200412.0         4475972.88        420050.01       368242.80     257032.07
4          3960  DIAGEO NORTH AMERICA INC      3545          Ketel One Vodka          21.89         29.99   1750                 138109            3023206.01            135838.0         4223107.62        545778.28       249587.83     257032.07
2025-09-08 21:38:41,012 - INFO - Cleaning data...
2025-09-08 21:38:41,019 - INFO - Cleaned Data:
   VendorNumber                VendorName  Brand              Description  PurchasePrice  actual_price  volume  totalPurchaseQuantity  totalPurchaseDollars  totalsalesquantity  totalsalesdollars  totalsalesprice  totalexciseTax  Freight_cost  GrossProfit  ProfitMargin  StockTurnover  SalesToPurchaseRatio
0          1128         BROWN-FORMAN CORP   1233  Jack Daniels No 7 Black          26.27         36.99  1750.0                 145080            3811251.60            142049.0         5101919.51        672819.31       260999.20      68601.68   1290667.91     25.297693       0.979108              1.338647
1          4425     MARTIGNETTI COMPANIES   3405    Tito's Handmade Vodka          23.19         28.99  1750.0                 164038            3804041.22            160247.0         4819073.49        561512.37       294438.66     144929.24   1015032.27     21.062810       0.976890              1.266830
2         17035         PERNOD RICARD USA   8068         Absolut 80 Proof          18.24         24.99  1750.0                 187407            3418303.68            187140.0         4538120.60        461140.15       343854.07     123780.22   1119816.92     24.675786       0.998575              1.327594
3          3960  DIAGEO NORTH AMERICA INC   4261   Capt Morgan Spiced Rum          16.17         22.99  1750.0                 201682            3261197.94            200412.0         4475972.88        420050.01       368242.80     257032.07   1214774.94     27.139908       0.993703              1.372493
4          3960  DIAGEO NORTH AMERICA INC   3545          Ketel One Vodka          21.89         29.99  1750.0                 138109            3023206.01            135838.0         4223107.62        545778.28       249587.83     257032.07   1199901.61     28.412764       0.983556              1.396897
2025-09-08 21:38:41,019 - INFO - Ingesting data into vendor_sales_summary...
2025-09-08 21:38:41,020 - ERROR - Error inserting into vendor_sales_summary: table "vendor_sales_summary" already exists
2025-09-08 21:43:32,398 - INFO - Creating vendor summary table...
2025-09-08 21:43:52,885 - INFO - Sample Summary:
   VendorNumber                   VendorName  Brand              Description  PurchasePrice  actual_price volume  totalPurchaseQuantity  totalPurchaseDollars  totalsalesquantity  totalsalesdollars  totalsalesprice  totalexciseTax  Freight_cost
0          1128  BROWN-FORMAN CORP             1233  Jack Daniels No 7 Black          26.27         36.99   1750                 145080            3811251.60            142049.0         5101919.51        672819.31       260999.20      68601.68
1          4425        MARTIGNETTI COMPANIES   3405    Tito's Handmade Vodka          23.19         28.99   1750                 164038            3804041.22            160247.0         4819073.49        561512.37       294438.66     144929.24
2         17035  PERNOD RICARD USA             8068         Absolut 80 Proof          18.24         24.99   1750                 187407            3418303.68            187140.0         4538120.60        461140.15       343854.07     123780.22
3          3960  DIAGEO NORTH AMERICA INC      4261   Capt Morgan Spiced Rum          16.17         22.99   1750                 201682            3261197.94            200412.0         4475972.88        420050.01       368242.80     257032.07
4          3960  DIAGEO NORTH AMERICA INC      3545          Ketel One Vodka          21.89         29.99   1750                 138109            3023206.01            135838.0         4223107.62        545778.28       249587.83     257032.07
2025-09-08 21:43:52,886 - INFO - Cleaning data...
2025-09-08 21:43:52,891 - INFO - Cleaned Data:
   VendorNumber                VendorName  Brand              Description  PurchasePrice  actual_price  volume  totalPurchaseQuantity  totalPurchaseDollars  totalsalesquantity  totalsalesdollars  totalsalesprice  totalexciseTax  Freight_cost  GrossProfit  ProfitMargin  StockTurnover  SalesToPurchaseRatio
0          1128         BROWN-FORMAN CORP   1233  Jack Daniels No 7 Black          26.27         36.99  1750.0                 145080            3811251.60            142049.0         5101919.51        672819.31       260999.20      68601.68   1290667.91     25.297693       0.979108              1.338647
1          4425     MARTIGNETTI COMPANIES   3405    Tito's Handmade Vodka          23.19         28.99  1750.0                 164038            3804041.22            160247.0         4819073.49        561512.37       294438.66     144929.24   1015032.27     21.062810       0.976890              1.266830
2         17035         PERNOD RICARD USA   8068         Absolut 80 Proof          18.24         24.99  1750.0                 187407            3418303.68            187140.0         4538120.60        461140.15       343854.07     123780.22   1119816.92     24.675786       0.998575              1.327594
3          3960  DIAGEO NORTH AMERICA INC   4261   Capt Morgan Spiced Rum          16.17         22.99  1750.0                 201682            3261197.94            200412.0         4475972.88        420050.01       368242.80     257032.07   1214774.94     27.139908       0.993703              1.372493
4          3960  DIAGEO NORTH AMERICA INC   3545          Ketel One Vodka          21.89         29.99  1750.0                 138109            3023206.01            135838.0         4223107.62        545778.28       249587.83     257032.07   1199901.61     28.412764       0.983556              1.396897
2025-09-08 21:43:52,891 - INFO - Ingesting data into vendor_sales_summary...
2025-09-08 21:43:52,917 - INFO - Data inserted into vendor_sales_summary with mode=replace
2025-09-08 21:43:52,917 - INFO - Process Complete ✅
2025-09-08 21:44:23,845 - INFO - Creating vendor summary table...
2025-09-08 21:44:42,167 - INFO - Sample Summary:
   VendorNumber                   VendorName  Brand              Description  PurchasePrice  actual_price volume  totalPurchaseQuantity  totalPurchaseDollars  totalsalesquantity  totalsalesdollars  totalsalesprice  totalexciseTax  Freight_cost
0          1128  BROWN-FORMAN CORP             1233  Jack Daniels No 7 Black          26.27         36.99   1750                 145080            3811251.60            142049.0         5101919.51        672819.31       260999.20      68601.68
1          4425        MARTIGNETTI COMPANIES   3405    Tito's Handmade Vodka          23.19         28.99   1750                 164038            3804041.22            160247.0         4819073.49        561512.37       294438.66     144929.24
2         17035  PERNOD RICARD USA             8068         Absolut 80 Proof          18.24         24.99   1750                 187407            3418303.68            187140.0         4538120.60        461140.15       343854.07     123780.22
3          3960  DIAGEO NORTH AMERICA INC      4261   Capt Morgan Spiced Rum          16.17         22.99   1750                 201682            3261197.94            200412.0         4475972.88        420050.01       368242.80     257032.07
4          3960  DIAGEO NORTH AMERICA INC      3545          Ketel One Vodka          21.89         29.99   1750                 138109            3023206.01            135838.0         4223107.62        545778.28       249587.83     257032.07
2025-09-08 21:44:42,168 - INFO - Cleaning data...
2025-09-08 21:44:42,173 - INFO - Cleaned Data:
   VendorNumber                VendorName  Brand              Description  PurchasePrice  actual_price  volume  totalPurchaseQuantity  totalPurchaseDollars  totalsalesquantity  totalsalesdollars  totalsalesprice  totalexciseTax  Freight_cost  GrossProfit  ProfitMargin  StockTurnover  SalesToPurchaseRatio
0          1128         BROWN-FORMAN CORP   1233  Jack Daniels No 7 Black          26.27         36.99  1750.0                 145080            3811251.60            142049.0         5101919.51        672819.31       260999.20      68601.68   1290667.91     25.297693       0.979108              1.338647
1          4425     MARTIGNETTI COMPANIES   3405    Tito's Handmade Vodka          23.19         28.99  1750.0                 164038            3804041.22            160247.0         4819073.49        561512.37       294438.66     144929.24   1015032.27     21.062810       0.976890              1.266830
2         17035         PERNOD RICARD USA   8068         Absolut 80 Proof          18.24         24.99  1750.0                 187407            3418303.68            187140.0         4538120.60        461140.15       343854.07     123780.22   1119816.92     24.675786       0.998575              1.327594
3          3960  DIAGEO NORTH AMERICA INC   4261   Capt Morgan Spiced Rum          16.17         22.99  1750.0                 201682            3261197.94            200412.0         4475972.88        420050.01       368242.80     257032.07   1214774.94     27.139908       0.993703              1.372493
4          3960  DIAGEO NORTH AMERICA INC   3545          Ketel One Vodka          21.89         29.99  1750.0                 138109            3023206.01            135838.0         4223107.62        545778.28       249587.83     257032.07   1199901.61     28.412764       0.983556              1.396897
2025-09-08 21:44:42,173 - INFO - Ingesting data into vendor_sales_summary...
2025-09-08 21:44:42,201 - INFO - Data inserted into vendor_sales_summary with mode=replace
2025-09-08 21:44:42,202 - INFO - Process Complete ✅
